<?xml version="1.0" encoding="UTF-8"?>
<testsuite xmlns:xsi="http://www.w3.org/2001/XMLSchema-instance" xsi:noNamespaceSchemaLocation="https://maven.apache.org/surefire/maven-surefire-plugin/xsd/surefire-test-report-3.0.xsd" version="3.0" name="test.Junit5Test" time="0.592" tests="4" errors="0" skipped="0" failures="1">
  <properties>
[...]
</properties>
  <testcase name="run" classname="test.Junit5Test" time="0.542">
    <system-out><![CDATA[hahh
]]></system-out>
  </testcase>
  <testcase name="run1" classname="test.Junit5Test" time="0.002">
    <failure type="java.lang.AssertionError"><![CDATA[java.lang.AssertionError
	at test.Junit5Test.run1(Junit5Test.java:22)
]]></failure>
  </testcase>
  <testcase name="test" classname="test.Junit5Test" time="0"/>
  <testcase name="test1" classname="test.Junit5Test" time="0">
    <system-out><![CDATA[test
]]></system-out>
  </testcase>
</testsuite>