-------------------------------------------------------------------------------
Test set: test.Junit5Test
-------------------------------------------------------------------------------
Tests run: 4, Failures: 1, Errors: 0, Skipped: 0, Time elapsed: 0.592 s <<< FAILURE! - in test.Junit5Test
test.Junit5Test.run1  Time elapsed: 0.002 s  <<< FAILURE!
java.lang.AssertionError
	at test.Junit5Test.run1(Junit5Test.java:22)

